\BOOKMARK [0][-]{chapter.1}{Ecuatii diferentiale de ordin superior}{}% 1
\BOOKMARK [1][-]{section.1.1}{Ecuatii liniare de ordinul n cu coeficienti constanti}{chapter.1}% 2
\BOOKMARK [1][-]{section.1.2}{Metoda eliminarii pentru sisteme diferentiale liniare}{chapter.1}% 3
\BOOKMARK [1][-]{section.1.3}{Exercitii}{chapter.1}% 4
\BOOKMARK [0][-]{chapter.2}{Alte ecuatii de ordin superior}{}% 5
\BOOKMARK [1][-]{section.2.1}{Ecuatii rezolvabile prin cuadraturi}{chapter.2}% 6
\BOOKMARK [1][-]{section.2.2}{Ecuatii de forma \040f\(x, y\(n\)\) = 0 }{chapter.2}% 7
\BOOKMARK [1][-]{section.2.3}{Ecuatii de forma \040f\(y\(n-1\), y\(n\)\) = 0 }{chapter.2}% 8
\BOOKMARK [1][-]{section.2.4}{Ecuatii de forma \040f\(x, y\(k\), \203, y\(n\)\) = 0 }{chapter.2}% 9
\BOOKMARK [1][-]{section.2.5}{Ecuatii de forma \040f\(y, y, \203, y\(n\)\) = 0 }{chapter.2}% 10
\BOOKMARK [1][-]{section.2.6}{Ecuatii autonome \(ce nu contin pe \040x \)}{chapter.2}% 11
\BOOKMARK [1][-]{section.2.7}{Ecuatii Euler}{chapter.2}% 12
\BOOKMARK [1][-]{section.2.8}{Exercitii}{chapter.2}% 13
\BOOKMARK [0][-]{chapter.3}{Stabilitate si linii de c\356mp}{}% 14
\BOOKMARK [1][-]{section.3.1}{Exercitii}{chapter.3}% 15
\BOOKMARK [1][-]{section.3.2}{Integrale prime si linii de c\356mp}{chapter.3}% 16
\BOOKMARK [1][-]{section.3.3}{Exercitii}{chapter.3}% 17
\BOOKMARK [1][-]{section.3.4}{Resurse suplimentare}{chapter.3}% 18
\BOOKMARK [0][-]{chapter.4}{Ecuatii cu derivate partiale si suprafete de c\356mp}{}% 19
\BOOKMARK [1][-]{section.4.1}{Ecuatii cu derivate partiale de ordinul \356nt\356i}{chapter.4}% 20
\BOOKMARK [1][-]{section.4.2}{Suprafete de c\356mp}{chapter.4}% 21
\BOOKMARK [1][-]{section.4.3}{Ecuatii cu derivate partiale cvasiliniare}{chapter.4}% 22
\BOOKMARK [1][-]{section.4.4}{Exercitii}{chapter.4}% 23
\BOOKMARK [0][-]{Item.82}{Index}{}% 24
